{"uuid":"11dc025b-bc85-4f88-ba57-ac8ea337b2b3","historyId":"24e3c5b2f4c31c4c8a08c9dad168f53f","fullName":"TestCases.AppTest.CreateCard_api","labels":[{"name":"package","value":"TestCases.AppTest"},{"name":"testClass","value":"TestCases.AppTest"},{"name":"testMethod","value":"CreateCard_api"},{"name":"parentSuite","value":"BDD Test Suite"},{"name":"suite","value":"Chrome"},{"name":"subSuite","value":"TestCases.AppTest"},{"name":"host","value":"IBM-PF3K9656"},{"name":"thread","value":"49360@IBM-PF3K9656.TestNG-tests-1(20)"},{"name":"framework","value":"testng"},{"name":"language","value":"java"}],"links":[],"name":"CreateCard_api","status":"broken","statusDetails":{"known":false,"muted":false,"flaky":false,"message":"java.lang.RuntimeException: java.lang.RuntimeException: org.json.JSONException: A JSONArray text must start with '[' at 1 [character 2 line 1]","trace":"com.mashape.unirest.http.exceptions.UnirestException: java.lang.RuntimeException: java.lang.RuntimeException: org.json.JSONException: A JSONArray text must start with '[' at 1 [character 2 line 1]\r\n\tat com.mashape.unirest.http.HttpClientHelper.request(HttpClientHelper.java:143)\r\n\tat com.mashape.unirest.request.BaseRequest.asJson(BaseRequest.java:68)\r\n\tat TestCases.AppTest.CreateCard_api(AppTest.java:153)\r\n\tat java.base/jdk.internal.reflect.NativeMethodAccessorImpl.invoke0(Native Method)\r\n\tat java.base/jdk.internal.reflect.NativeMethodAccessorImpl.invoke(NativeMethodAccessorImpl.java:77)\r\n\tat java.base/jdk.internal.reflect.DelegatingMethodAccessorImpl.invoke(DelegatingMethodAccessorImpl.java:43)\r\n\tat java.base/java.lang.reflect.Method.invoke(Method.java:568)\r\n\tat org.testng.internal.MethodInvocationHelper.invokeMethod(MethodInvocationHelper.java:133)\r\n\tat org.testng.internal.TestInvoker.invokeMethod(TestInvoker.java:598)\r\n\tat org.testng.internal.TestInvoker.invokeTestMethod(TestInvoker.java:173)\r\n\tat org.testng.internal.MethodRunner.runInSequence(MethodRunner.java:46)\r\n\tat org.testng.internal.TestInvoker$MethodInvocationAgent.invoke(TestInvoker.java:824)\r\n\tat org.testng.internal.TestInvoker.invokeTestMethods(TestInvoker.java:146)\r\n\tat org.testng.internal.TestMethodWorker.invokeTestMethods(TestMethodWorker.java:146)\r\n\tat org.testng.internal.TestMethodWorker.run(TestMethodWorker.java:128)\r\n\tat java.base/java.util.ArrayList.forEach(ArrayList.java:1511)\r\n\tat org.testng.TestRunner.privateRun(TestRunner.java:794)\r\n\tat org.testng.TestRunner.run(TestRunner.java:596)\r\n\tat org.testng.SuiteRunner.runTest(SuiteRunner.java:377)\r\n\tat org.testng.SuiteRunner.access$000(SuiteRunner.java:28)\r\n\tat org.testng.SuiteRunner$SuiteWorker.run(SuiteRunner.java:418)\r\n\tat org.testng.internal.thread.ThreadUtil.lambda$execute$0(ThreadUtil.java:64)\r\n\tat java.base/java.util.concurrent.FutureTask.run(FutureTask.java:264)\r\n\tat java.base/java.util.concurrent.ThreadPoolExecutor.runWorker(ThreadPoolExecutor.java:1136)\r\n\tat java.base/java.util.concurrent.ThreadPoolExecutor$Worker.run(ThreadPoolExecutor.java:635)\r\n\tat java.base/java.lang.Thread.run(Thread.java:833)\r\nCaused by: java.lang.RuntimeException: java.lang.RuntimeException: org.json.JSONException: A JSONArray text must start with '[' at 1 [character 2 line 1]\r\n\tat com.mashape.unirest.http.HttpResponse.<init>(HttpResponse.java:106)\r\n\tat com.mashape.unirest.http.HttpClientHelper.request(HttpClientHelper.java:139)\r\n\t... 25 more\r\nCaused by: java.lang.RuntimeException: org.json.JSONException: A JSONArray text must start with '[' at 1 [character 2 line 1]\r\n\tat com.mashape.unirest.http.JsonNode.<init>(JsonNode.java:51)\r\n\tat com.mashape.unirest.http.HttpResponse.<init>(HttpResponse.java:95)\r\n\t... 26 more\r\nCaused by: org.json.JSONException: A JSONArray text must start with '[' at 1 [character 2 line 1]\r\n\tat org.json.JSONTokener.syntaxError(JSONTokener.java:507)\r\n\tat org.json.JSONArray.<init>(JSONArray.java:109)\r\n\tat org.json.JSONArray.<init>(JSONArray.java:162)\r\n\tat com.mashape.unirest.http.JsonNode.<init>(JsonNode.java:48)\r\n\t... 27 more\r\n"},"stage":"finished","steps":[],"attachments":[],"parameters":[{"name":"browser","value":"Chrome"}],"start":1692735124929,"stop":1692735126590}